<?xml version="1.0" encoding="UTF-8"?>
<!--
  This file is part of the EEG-database project
  
    ==========================================
   
    Copyright (C) 2013 by University of West Bohemia (http://www.zcu.cz/en/)
   
   ***********************************************************************************************************************
   
    Licensed under the Apache License, Version 2.0 (the "License"); you may not use this file except in compliance with
    the License. You may obtain a copy of the License at
   
        http://www.apache.org/licenses/LICENSE-2.0
   
    Unless required by applicable law or agreed to in writing, software distributed under the License is distributed on
    an "AS IS" BASIS, WITHOUT WARRANTIES OR CONDITIONS OF ANY KIND, either express or implied. See the License for the
    specific language governing permissions and limitations under the License.
   
   ***********************************************************************************************************************
   
		test-context.xml, 2013/10/02 00:01 Jakub Rinkes
-->
<beans xmlns="http://www.springframework.org/schema/beans"
       xmlns:xsi="http://www.w3.org/2001/XMLSchema-instance"
       xmlns:context="http://www.springframework.org/schema/context"
       xmlns:util="http://www.springframework.org/schema/util"
       xmlns:elasticsearch="http://www.springframework.org/schema/data/elasticsearch"
       xmlns:hprof="http://www.nhprof.com/schema/hprof"
       xsi:schemaLocation="http://www.springframework.org/schema/beans
              http://www.springframework.org/schema/beans/spring-beans-3.0.xsd




       http://www.springframework.org/schema/context
       http://www.springframework.org/schema/context/spring-context-3.0.xsd
       http://www.springframework.org/schema/util
       http://www.springframework.org/schema/util/spring-util-3.0.xsd
       http://www.nhprof.com/schema/hprof
       http://www.nhprof.com/schema/hprof/hprof.xsd
       http://www.springframework.org/schema/data/elasticsearch http://www.springframework.org/schema/data/elasticsearch/spring-elasticsearch-1.0.xsd">

	<context:annotation-config/>

	<!--================== System properties settings ==================-->

	<bean id="systemProps" class="org.springframework.beans.factory.config.MethodInvokingFactoryBean">
		<property name="targetObject" value="#{@systemProperties}" />
		<property name="targetMethod" value="putAll" />
		<property name="arguments">
			<util:properties>
				<prop key="javax.xml.parsers.SAXParserFactory">org.apache.xerces.jaxp.SAXParserFactoryImpl</prop>
				<prop key="javax.xml.parsers.DocumentBuilderFactory">org.apache.xerces.jaxp.DocumentBuilderFactoryImpl</prop>
			</util:properties>
		</property>
	</bean>

	<!--================== Persistence setup based on persistence.xml file contents ==================-->

	<context:property-placeholder location="classpath:/project.test.properties,
        classpath:/facebook.properties,classpath:/linkedin.properties"/>

	<bean id="dataSourceTest" class="org.springframework.jdbc.datasource.DriverManagerDataSource">
		<property name="driverClassName" value="org.h2.Driver"/>
		<property name="url" value="jdbc:h2:target/db/testdb;TRACE_MAX_FILE_SIZE=10"/>
		<property name="username" value="sa"/>
		<property name="password" value=""/>
	</bean>

	<bean id="metadataUtil" class="cz.zcu.kiv.eegdatabase.data.nosql.MetadataUtil"></bean>
	
    <bean id="elasticSynchronizationInterceptor" class="cz.zcu.kiv.eegdatabase.data.nosql.ElasticSynchronizationInterceptor"/>

    <elasticsearch:transport-client id="client" cluster-name="${elasticsearch.clusterName}" cluster-nodes="${elasticsearch.url}" />

    <bean name="elasticsearchTemplate" class="org.springframework.data.elasticsearch.core.ElasticsearchTemplate">
    		<constructor-arg name="client" ref="client"/>
    	</bean>

	<!-- For tests a broad mapping config is used: "Get all .hbm.xml files in the data package" -->
    <bean id="sessionFactoryTest" class="org.springframework.orm.hibernate3.annotation.AnnotationSessionFactoryBean">
    		<property name="dataSource" ref="dataSourceTest"/>

    		<property name="entityInterceptor">
    			<ref bean="elasticSynchronizationInterceptor"/>
    		</property>

    		<property name="hibernateProperties">
    			<props>
    				<prop key="hibernate.dialect">org.hibernate.dialect.H2Dialect</prop>
    				<prop key="autocommmit">true</prop>
    				<prop key="hibernate.show_sql">${hibernate.show_sql}</prop>
    				<prop key="hibernate.hbm2ddl.auto">${hibernate.hbm2ddl.auto}</prop>
    				<!--<prop key="hibernate.cache.provider_class">${hibernate.cache.provider_class}</prop>-->
    				<!--<prop key="hibernate.connection.pool_size">${hibernate.connection.pool_size}</prop>-->
    			</props>
    		</property>
    		<property name="packagesToScan" value="cz.zcu.kiv.eegdatabase.data.pojo"/>
    		<hprof:profiler/>
    	</bean>

	<bean name="messageSource" class="org.springframework.context.support.ResourceBundleMessageSource">
		<property name="basenames">
			<list>
				<value>messages</value>
				<value>errors</value>
			</list>
		</property>
	</bean>


	<bean id="transactionManager" class="org.springframework.orm.hibernate3.HibernateTransactionManager">
		<property name="sessionFactory" ref="sessionFactoryTest"/>
	</bean>

	<bean id="jdbcTemplate" class="org.springframework.jdbc.core.JdbcTemplate">
		<property name="dataSource">
			<ref bean="dataSourceTest" />
		</property>
	</bean>

	<!--============================== Bean mapping ==========================================-->


    <bean name="researchGroupDao" class="cz.zcu.kiv.eegdatabase.data.dao.SimpleResearchGroupDao">
    		<property name="sessionFactory" ref="sessionFactoryTest"/>
    	</bean>

    	<bean name="researchGroupMembershipDao" class="cz.zcu.kiv.eegdatabase.data.dao.SimpleGenericDao">
    		<constructor-arg>
    			<value>cz.zcu.kiv.eegdatabase.data.pojo.ResearchGroupMembership</value>
    		</constructor-arg>
    		<property name="sessionFactory" ref="sessionFactoryTest"/>
    	</bean>

    	<!--BEGIN packages and license -->
    	<bean name="licenseDao" class="cz.zcu.kiv.eegdatabase.data.dao.SimpleLicenseDao">
    		<property name="sessionFactory" ref="sessionFactoryTest"/>
    	</bean>

    	<bean name="experimentPackageConnectionDao" class="cz.zcu.kiv.eegdatabase.data.dao.SimpleExperimentPackageConnectionDao">
    		<property name="sessionFactory" ref="sessionFactoryTest"/>
    	</bean>

    	<bean name="experimentPackageDao" class="cz.zcu.kiv.eegdatabase.data.dao.SimpleExperimentPackageDao">
    		<property name="sessionFactory" ref="sessionFactoryTest"/>
    	</bean>

    	<bean name="experimentPackageLicenseDao" class="cz.zcu.kiv.eegdatabase.data.dao.SimpleExperimentPackageLicenseDao">
    		<property name="sessionFactory" ref="sessionFactoryTest"/>
    	</bean>

    	<bean name="personalLicenseDao" class="cz.zcu.kiv.eegdatabase.data.dao.SimplePersonalLicenseDao">
    		<property name="sessionFactory" ref="sessionFactoryTest"/>
    	</bean>

    	<!-- packages and licenses END -->

    	<bean name="articleDao" class="cz.zcu.kiv.eegdatabase.data.dao.SimpleArticleDao">
    		<property name="sessionFactory" ref="sessionFactoryTest"/>
    	</bean>

    	<bean name="simpleKeywordsDao" class="cz.zcu.kiv.eegdatabase.data.dao.SimpleKeywordsDao">
    		<property name="sessionFactory" ref="sessionFactoryTest"/>
    	</bean>

    	<bean name="articleCommentDao" class="cz.zcu.kiv.eegdatabase.data.dao.SimpleArticleCommentDao">
    		<property name="sessionFactory" ref="sessionFactoryTest"/>
    	</bean>

    	<bean name="digitizationDao" class="cz.zcu.kiv.eegdatabase.data.dao.SimpleDigitizationDao">
    		<!--   <constructor-arg>
    				<value>cz.zcu.kiv.eegdatabase.data.pojo.Digitization</value>
    		</constructor-arg>       -->
    		<property name="sessionFactory" ref="sessionFactoryTest"/>
    	</bean>


    	<bean name="experimentDao" class="cz.zcu.kiv.eegdatabase.data.dao.SimpleExperimentDao">
    		<property name="sessionFactory" ref="sessionFactoryTest"/>
    	</bean>

    	<bean name="historyDao" class="cz.zcu.kiv.eegdatabase.data.dao.SimpleHistoryDao">
    		<property name="sessionFactory" ref="sessionFactoryTest"/>
    	</bean>

    	<bean name="groupPermissionRequestDao" class="cz.zcu.kiv.eegdatabase.data.dao.SimpleGenericDao">
    		<constructor-arg>
    			<value>cz.zcu.kiv.eegdatabase.data.pojo.GroupPermissionRequest</value>
    		</constructor-arg>
    		<property name="sessionFactory" ref="sessionFactoryTest"/>
    	</bean>

    	<bean name="artifactDao" class="cz.zcu.kiv.eegdatabase.data.dao.SimpleArtifactDao">
    		<!--  <constructor-arg>
    				<value>cz.zcu.kiv.eegdatabase.data.pojo.Artifact</value>
    		</constructor-arg>                             -->
    		<property name="sessionFactory" ref="sessionFactoryTest"/>
    	</bean>

    	<bean name="analysisDao" class="cz.zcu.kiv.eegdatabase.data.dao.SimpleAnalysisDao">
    		<property name="sessionFactory" ref="sessionFactoryTest"/>
    	</bean>

    	<bean name="artifactRemovingMethodDao" class="cz.zcu.kiv.eegdatabase.data.dao.SimpleArtifactRemovingDao">
    		<property name="sessionFactory" ref="sessionFactoryTest"/>
    	</bean>

    	<bean name="diseaseDao" class="cz.zcu.kiv.eegdatabase.data.dao.SimpleDiseaseDao">
    		<property name="sessionFactory" ref="sessionFactoryTest"/>
    	</bean>

    	<bean name="electrodeFixDao" class="cz.zcu.kiv.eegdatabase.data.dao.SimpleElectrodeFixDao">
    		<property name="sessionFactory" ref="sessionFactoryTest"/>
    	</bean>

    	<bean name="electrodeLocationDao" class="cz.zcu.kiv.eegdatabase.data.dao.SimpleElectrodeLocationDao">
    		<property name="sessionFactory" ref="sessionFactoryTest"/>
    	</bean>

    	<bean name="electrodeSystemDao" class="cz.zcu.kiv.eegdatabase.data.dao.SimpleElectrodeSystemDao">
    		<property name="sessionFactory" ref="sessionFactoryTest"/>
    	</bean>

    	<bean name="electrodeTypeDao" class="cz.zcu.kiv.eegdatabase.data.dao.SimpleElectrodeTypeDao">
    		<property name="sessionFactory" ref="sessionFactoryTest"/>
    	</bean>

    	<bean name="pharmaceuticalDao" class="cz.zcu.kiv.eegdatabase.data.dao.SimplePharmaceuticalDao">
    		<property name="sessionFactory" ref="sessionFactoryTest"/>
    	</bean>

    	<bean name="projectTypeDao" class="cz.zcu.kiv.eegdatabase.data.dao.SimpleProjectTypeDao">
    		<property name="sessionFactory" ref="sessionFactoryTest"/>
    	</bean>

    	<bean name="stimulusTypeDao" class="cz.zcu.kiv.eegdatabase.data.dao.SimpleStimulusTypeDao">
    		<property name="sessionFactory" ref="sessionFactoryTest"/>
    	</bean>

    	<bean name="stimulusDao" class="cz.zcu.kiv.eegdatabase.data.dao.SimpleStimulusDao">
    		<property name="sessionFactory" ref="sessionFactoryTest"/>
    	</bean>

    	<bean name="softwareDao" class="cz.zcu.kiv.eegdatabase.data.dao.SimpleSoftwareDao">
    		<property name="sessionFactory" ref="sessionFactoryTest"/>
    	</bean>

    	<bean name="reservationDao" class="cz.zcu.kiv.eegdatabase.data.dao.SimpleReservationDao">
    		<property name="sessionFactory" ref="sessionFactoryTest"/>
    	</bean>

    	<bean name="scenarioDao" class="cz.zcu.kiv.eegdatabase.data.dao.SimpleScenarioDao">
    		<property name="sessionFactory" ref="sessionFactoryTest"/>
    	</bean>

    	<bean name="scenarioSchemasDao" class="cz.zcu.kiv.eegdatabase.data.dao.SimpleScenarioSchemasDao">
    		<property name="sessionFactory" ref="sessionFactoryTest"/>
    	</bean>

    	<bean name="personDao" class="cz.zcu.kiv.eegdatabase.data.dao.SimplePersonDao">
    		<property name="sessionFactory" ref="sessionFactoryTest"/>
    	</bean>

    	<bean name="educationLevelDao" class="cz.zcu.kiv.eegdatabase.data.dao.SimpleEducationLevelDao">
    		<property name="sessionFactory" ref="sessionFactoryTest"/>
    	</bean>

    <bean name="orderDao" class="cz.zcu.kiv.eegdatabase.data.dao.SimpleOrderDao">
        <property name="sessionFactory" ref="sessionFactoryTest"/>
    </bean>

    	<bean name="genericDao" class="cz.zcu.kiv.eegdatabase.data.dao.SimpleGenericDao">
    		<constructor-arg>
    			<value>java.lang.Object</value>
    		</constructor-arg>
    		<property name="sessionFactory" ref="sessionFactoryTest"/>
    	</bean>

    	<bean name="hardwareDao" class="cz.zcu.kiv.eegdatabase.data.dao.SimpleHardwareDao">
    		<property name="sessionFactory" ref="sessionFactoryTest"/>
    	</bean>

    	<bean name="weatherDao" class="cz.zcu.kiv.eegdatabase.data.dao.SimpleWeatherDao">
    		<property name="sessionFactory" ref="sessionFactoryTest"/>
    	</bean>

    	<bean name="dataFileDao" class="cz.zcu.kiv.eegdatabase.data.dao.SimpleDataFileDao">
    		<property name="sessionFactory" ref="sessionFactoryTest"/>
    	</bean>

    	<bean name="subjectGroupDao" class="cz.zcu.kiv.eegdatabase.data.dao.SimpleGenericDao">
    		<constructor-arg>
    			<value>cz.zcu.kiv.eegdatabase.data.pojo.SubjectGroup</value>
    		</constructor-arg>
    		<property name="sessionFactory" ref="sessionFactoryTest"/>
    	</bean>
    	<bean name="electrodeConfDao" class="cz.zcu.kiv.eegdatabase.data.dao.SimpleGenericDao">
    		<constructor-arg>
    			<value>cz.zcu.kiv.eegdatabase.data.pojo.ElectrodeConf</value>
    		</constructor-arg>
    		<property name="sessionFactory" ref="sessionFactoryTest"/>
    	</bean>
    <bean name="experimentLicenceDao" class="cz.zcu.kiv.eegdatabase.data.dao.SimpleExperimentLicenceDao">
        <property name="sessionFactory" ref="sessionFactoryTest"/>
    </bean>
    	<!--
    	<bean name="stimulusDao" class="cz.zcu.kiv.eegdatabase.data.dao.SimpleGenericDao">
    			<constructor-arg>
    					<value>cz.zcu.kiv.eegdatabase.data.pojo.Stimulus</value>
    			</constructor-arg>
    			<property name="sessionFactory" ref="sessionFactoryTest"/>
    	</bean>
    	-->
    	<bean name="fileMetadataParamDefDao" class="cz.zcu.kiv.eegdatabase.data.dao.SimpleFileMetadataParamDefDao">
    		<property name="sessionFactory" ref="sessionFactoryTest"/>
    	</bean>

    	<bean name="fileMetadataDao" class="cz.zcu.kiv.eegdatabase.data.dao.SimpleGenericDao">
    		<constructor-arg>
    			<value>cz.zcu.kiv.eegdatabase.data.pojo.FileMetadataParamVal</value>
    		</constructor-arg>
    		<property name="sessionFactory" ref="sessionFactoryTest"/>
    	</bean>

    	<bean name="personOptParamDefDao" class="cz.zcu.kiv.eegdatabase.data.dao.SimplePersonOptParamDefDao">
    		<property name="sessionFactory" ref="sessionFactoryTest"/>
    	</bean>

    	<bean name="personOptParamValDao" class="cz.zcu.kiv.eegdatabase.data.dao.SimpleGenericDao">
    		<constructor-arg>
    			<value>cz.zcu.kiv.eegdatabase.data.pojo.PersonOptParamVal</value>
    		</constructor-arg>
    		<property name="sessionFactory" ref="sessionFactoryTest"/>
    	</bean>

    	<bean name="experimentOptParamValDao" class="cz.zcu.kiv.eegdatabase.data.dao.SimpleGenericDao">
    		<constructor-arg>
    			<value>cz.zcu.kiv.eegdatabase.data.pojo.ExperimentOptParamVal</value>
    		</constructor-arg>
    		<property name="sessionFactory" ref="sessionFactoryTest"/>
    	</bean>

    	<bean name="experimentOptParamDefDao" class="cz.zcu.kiv.eegdatabase.data.dao.SimpleExperimentOptParamDefDao">
    		<property name="sessionFactory" ref="sessionFactoryTest"/>
    	</bean>
    	<bean name="serviceResultDao" class="cz.zcu.kiv.eegdatabase.data.dao.SimpleServiceResultDao">
    		<property name="sessionFactory" ref="sessionFactoryTest"/>
    	</bean>

    	<bean name="formLayoutDao" class="cz.zcu.kiv.eegdatabase.data.dao.SimpleFormLayoutDao">
            <property name="sessionFactory" ref="sessionFactoryTest"/>
        </bean>

    <bean id="accessDecisionManager" class="org.springframework.security.access.vote.AffirmativeBased">
        <property name="decisionVoters">
            <list>
                <bean class="org.springframework.security.access.vote.RoleVoter">
                    <property name="rolePrefix" value="ROLE_"/>
                </bean>
                <bean class="org.springframework.security.access.vote.AuthenticatedVoter"/>
            </list>
        </property>
    </bean>

    <bean id="encoder" class="org.springframework.security.crypto.bcrypt.BCryptPasswordEncoder"/>

    <bean id="formService " class="cz.zcu.kiv.eegdatabase.webservices.rest.forms.FormServiceImpl" autowire="byType"/>

    <bean id="articleService" class="cz.zcu.kiv.eegdatabase.wui.core.article.ArticleServiceImpl" autowire="byType"/>

    <bean id="scenariosService" class="cz.zcu.kiv.eegdatabase.wui.core.scenarios.ScenariosServiceImpl" autowire="byType" >
        <property name="scenarioDAO" ref="scenarioDao"/>
    </bean>

    <bean name="hardwareService" class="cz.zcu.kiv.eegdatabase.wui.core.common.HardwareServiceImpl" autowire="byType" />

    <bean name="softwareService" class="cz.zcu.kiv.eegdatabase.wui.core.common.SoftwareServiceImpl" autowire="byType" >
        <property name="softwareDao" ref="softwareDao"/>
    </bean>

    <bean name="weatherService" class="cz.zcu.kiv.eegdatabase.wui.core.common.WeatherServiceImpl" autowire="byType" />

    <bean name="diseaseService" class="cz.zcu.kiv.eegdatabase.wui.core.common.DiseaseServiceImpl" autowire="byType" />

    <bean name="digitizationService" class="cz.zcu.kiv.eegdatabase.wui.core.common.DigitizationServiceImpl" autowire="byType" />

    <bean name="personOptParamService" class="cz.zcu.kiv.eegdatabase.wui.core.person.param.PersonOptParamServiceImpl" autowire="byType" >
        <property name="valDAO" ref="personOptParamValDao"/>
    </bean>

    <bean name="pharmaceuticalService" class="cz.zcu.kiv.eegdatabase.wui.core.common.PharmaceuticalServiceImpl" autowire="byType">
        <property name="pharmaceuticalDao" ref="pharmaceuticalDao"/>
    </bean>
    <bean name="orderService" class="cz.zcu.kiv.eegdatabase.wui.core.order.OrderServiceImpl" autowire="byType">
        <constructor-arg ref="orderDao"/>
    </bean>

    <bean name="projectTypeService" class="cz.zcu.kiv.eegdatabase.wui.core.common.ProjectTypeServiceImpl" autowire="byType" >
        <property name="projectTypeDao" ref="projectTypeDao"/>
    </bean>

    <bean name="artifactService" class="cz.zcu.kiv.eegdatabase.wui.core.common.ArtifactServiceImpl" autowire="byType" >
        <property name="artifactDao" ref="artifactDao"/>
    </bean>

    <bean name="stimulusService" class="cz.zcu.kiv.eegdatabase.wui.core.common.StimulusServiceImpl" autowire="byType">
        <property name="stimulusDao" ref="stimulusDao"/>
    </bean>

    <bean name="keywordsService" class="cz.zcu.kiv.eegdatabase.wui.core.common.KeywordsServiceImpl" autowire="byType" />

    <bean id="researchGroupService " class="cz.zcu.kiv.eegdatabase.wui.core.group.ResearchGroupServiceImpl"
          autowire="byType">
        <property name="membershipDao" ref="researchGroupMembershipDao"/>
        <property name="artifactDao" ref="artifactDao"/>
        <property name="permRequestDao" ref="groupPermissionRequestDao"/>
    </bean>

    <bean id="personalLicenseService" class="cz.zcu.kiv.eegdatabase.wui.core.license.impl.PersonalLicenseServiceImpl"
          autowire="byType">
        <constructor-arg ref="personalLicenseDao"/>
    </bean>

    <bean id="personService" class="cz.zcu.kiv.eegdatabase.wui.core.person.PersonServiceImpl" autowire="byType" />

    <bean id="licenseService" class="cz.zcu.kiv.eegdatabase.wui.core.license.impl.LicenseServiceImpl" autowire="byType">
        <constructor-arg ref="licenseDao"/>
    </bean>

    <bean id="licenseFacade" class="cz.zcu.kiv.eegdatabase.wui.core.license.impl.LicenseFacadeImpl" autowire="byType">
        <constructor-arg ref="licenseService"/>
    </bean>

    <bean name="experimentPackageConnectionService" class="cz.zcu.kiv.eegdatabase.wui.core.experimentpackage.impl.ExperimentPackageConnectionServiceImpl" autowire="byType">
        <constructor-arg ref="experimentPackageConnectionDao"/>
    </bean>
    <bean name="experimentPackageLicenseService" class="cz.zcu.kiv.eegdatabase.wui.core.experimentpackage.impl.ExperimentPackageLicenseServiceImpl" autowire="byType">
        <constructor-arg ref="experimentPackageLicenseDao"/>
    </bean>
    <bean name="experimentPackageService" class="cz.zcu.kiv.eegdatabase.wui.core.experimentpackage.impl.ExperimentPackageServiceImpl" autowire="byType">
        <constructor-arg ref="experimentPackageDao"/>
    </bean>

    <bean name="experimentsService" class="cz.zcu.kiv.eegdatabase.wui.core.experiments.ExperimentsServiceImpl" autowire="byType" >
        <property name="artifactDao" ref="artifactDao"/>
        <property name="digitizationDao" ref="digitizationDao"/>
        <property name="subjectGroupDao" ref="subjectGroupDao"/>
        <property name="electrodeConfDao" ref="electrodeConfDao"/>
    </bean>



    	<!-- MAIL -->
    	<bean name="mailService" class="cz.zcu.kiv.eegdatabase.data.service.SpringJavaMailService" />

    	<bean name="mailSender" class="org.springframework.mail.javamail.JavaMailSenderImpl">
    		<property name="host" value="${email.smtp}" />
    	</bean>

    	<bean name="mailMessage" class="org.springframework.mail.SimpleMailMessage">
    		<property name="from" value="${email.from}" />
    		<property name="subject" value="${email.subject}" />
    	</bean>


    	<!-- // OLD trash  vse pod timto zatim nevim co dela nebo neni rozhodnuto zda to bude potreba-->

    	<bean name="authorizationManager" class="cz.zcu.kiv.eegdatabase.data.dao.SimpleAuthorizationManager">
    		<property name="sessionFactory" ref="sessionFactoryTest" />
    		<property name="personDao" ref="personDao" />
    	</bean>

    	<bean name="dataService" class="cz.zcu.kiv.eegdatabase.data.service.HibernateDatabaseService" />

    	<!-- <bean name="createGroupValidator" class="cz.zcu.kiv.eegdatabase.logic.controller.group.CreateGroupValidator" /> -->
    	<!-- <bean name="personService" class="cz.zcu.kiv.eegdatabase.data.service.HibernatePersonService" /> -->


    	<bean name="transformer" class="cz.zcu.kiv.eegdatabase.logic.xml.XMLTransformer">
    		<!-- property -->
    		<property name="encoding" value="${encoding}" />
    		<property name="objects" value="${objects}" />
    		<property name="measured" value="${measured}" />
    		<property name="experimenter" value="${experimenter}" />
    	</bean>

    	<bean name="zipGenerator" class="cz.zcu.kiv.eegdatabase.logic.zip.ZipGenerator">
    		<property name="metadata" value="${metadata.file}" />
    		<property name="transformer" ref="transformer" />
    		<property name="dataZip" value="${data.zip}" />

    	</bean>


    	<bean id="dataTransformer" class="cz.zcu.kiv.eegdatabase.logic.signal.EEGDataTransformer" />

    	<!-- Solr POJO indexer -->
    	<bean name="indexer" class="cz.zcu.kiv.eegdatabase.logic.indexing.PojoIndexer" />

    	<!-- Solr indexer for LinkedIn articles -->
    	<bean name="linkedInIndexer" class="cz.zcu.kiv.eegdatabase.logic.indexing.LinkedInIndexer" />

    	<!-- Solr autocomplete indexer -->
    	<bean name="autocompleteIndexer" class="cz.zcu.kiv.eegdatabase.logic.indexing.AutocompleteIndexer" />

    	<!-- Solr indexing service -->
    	<bean name="indexingService" class="cz.zcu.kiv.eegdatabase.logic.indexing.IndexingServiceImpl" />

        <bean name="experimentGenerator" class="cz.zcu.kiv.eegdatabase.data.ExperimentGenerator" />

    	<!-- Solr Server instance (production server) -->
    	<bean name="solrServer" class="org.apache.solr.client.solrj.impl.HttpSolrServer">
    		<constructor-arg name="baseURL" value="${solr.serverUrl}"/>
    		<constructor-arg name="client" ref="httpClient"/>
    		<property name="connectionTimeout" value="${solr.connectionTimeout}"/>
    	</bean>

    	<!-- HttpClient Factory -->
    	<bean id="httpClient" class="cz.zcu.kiv.eegdatabase.logic.util.BasicAuthHttpClient">
    		<constructor-arg name="url"  value="${solr.serverUrl}"/>
    		<constructor-arg name="username"  value="${solr.username}"/>
    		<constructor-arg name="password" value="${solr.password}"/>
    		<constructor-arg name="connManager">
    			<bean class="org.apache.http.impl.conn.tsccm.ThreadSafeClientConnManager">
    				<property name="defaultMaxPerRoute" value="${solr.defaultMaxConnectionsPerHost}" />
    				<property name="maxTotal" value="${solr.maxTotalConnections}" />
    			</bean>
    		</constructor-arg>
    	</bean>

    	<!-- Activates @Scheduled and @Async annotations for scheduling -->


</beans>
